<objectDataList2D>

    <!-- DEFAULT DEFAULT DEFAULT DEFAULT DEFAULT DEFAULT DEFAULT DEFAULT -->
    <default  name="">
        <visual>
            <texture count="0" file="" compressed="false"/>
            <mesh genType="quad" file="">
                <spriteSheet defIndex="0" glyphCount="0" columns="0"/>
                <scaledFrame thicknessWidth="" thicknessHeight="" centerQuad="" frameBottom=""/>
            </mesh>
            <color r="64" g="125" b="192" a="1"/>
            <pipeline id="2d_quad"/>
        </visual>
        <physics world="">
            <body type="" linearDamping="0" angularDamping="0" fixedRotation="false"/>
            <fixtureList>
                <fixture shape="" radius="0" chainLoop="false" friction="0.2" density="0.2" restitution="0.2">
                    <!-- vert list for polygon shapes - max of 8
                    Box2D polygons are defined using Counter Clockwise Winding (CCW)
                    <vert x="" y=""/> -->
                    <sizeMod top="0" bottom="0" left="0" right="0"/>
                </fixture>
            </fixtureList>
        </physics>
        <size width="0" height="0"/>
    </default>
    <!-- DEFAULT DEFAULT DEFAULT DEFAULT DEFAULT DEFAULT DEFAULT DEFAULT -->
  
    <objectList>

        <object name="label_font">
            <visual>
                <mesh genType="font"/>
            </visual>
        </object>
        
        <object name="meter_font">
            <visual>
                <mesh genType="font"/>
                <color r="64" g="125" b="192" a="0"/>
            </visual>
        </object>

        <object name="control_font">
            <visual>
                <mesh genType="font"/>
            </visual>
        </object>
        
        <object name="keybinding_font">
            <visual>
                <mesh genType="font"/>
                <pipeline id="2d_quad_stencilTest"/>
            </visual>
        </object>

        <object name="275x55_button_solid">
            <visual>
                <pipeline id="2d_solid"/>
                <color r="25" g="54" b="84" a="0.8"/>
            </visual>
            <size width="271" height="51"/>
        </object>

        <object name="145x55_button_solid">
            <visual>
                <pipeline id="2d_solid"/>
                <color r="25" g="54" b="84" a="0.8"/>
            </visual>
            <size width="141" height="51"/>
        </object>

        <object name="125x55_button_solid">
            <visual>
                <pipeline id="2d_solid"/>
                <color r="25" g="54" b="84" a="0.8"/>
            </visual>
            <size width="121" height="51"/>
        </object>

        <object name="28x28_button_solid">
            <visual>
                <pipeline id="2d_solid"/>
                <color r="25" g="54" b="84" a="0.8"/>
            </visual>
            <size width="26" height="26"/>
        </object>

        <object name="button_slider">
            <visual>
                <texture file="data/textures/menu/menu_spriteSheet.png"/>
                <mesh genType="sprite_sheet">
                    <spriteSheet file="data/objects/2d/mesh/menu/menu.xml">
                        <glyph id="slider_button"/>
                    </spriteSheet>
                </mesh>
                <color r="48" g="97" b="153" a="1"/>
                <pipeline id="2d_spriteSheet"/>
            </visual>
        </object>
        
        <object name="arrow_button_face">
            <visual>
                <texture file="data/textures/menu/menu_spriteSheet.png"/>
                <mesh genType="sprite_sheet">
                    <spriteSheet file="data/objects/2d/mesh/menu/menu.xml">
                        <glyph id="arrow"/>
                    </spriteSheet>
                </mesh>
                <pipeline id="2d_spriteSheet"/>
            </visual>
        </object>

        <object name="arrow_button_solid">
            <visual>
                <pipeline id="2d_solid"/>
                <color r="25" g="54" b="84" a="0.8"/>
            </visual>
            <size width="31" height="39"/>
        </object>
        
        <object name="key_binding_button_solid">
            <visual>
                <pipeline id="2d_solid_stencilTest"/>
                <color r="25" g="54" b="84" a="0.8"/>
            </visual>
            <size width="904" height="36"/>
        </object>

        <object name="key_binding_scroll_box_mask">
            <visual>
                <pipeline id="2d_solid_stencil"/>
                <color r="1" g="1" b="1" a="1"/>
            </visual>
            <size width="916" height="548"/>
        </object>

    </objectList>

</objectDataList2D>

