<objectDataList2D>

    <!-- DEFAULT DEFAULT DEFAULT DEFAULT DEFAULT DEFAULT DEFAULT DEFAULT -->
    <default  name="">
        <visual>
            <texture count="0" file="" compressed="false"/>
            <mesh genType="quad" file="">
                <spriteSheet defIndex="0" glyphCount="0" columns="0" formatCodeOffset="0" loadAllGlyphs="false" file=""/>
                <scaledFrame thicknessWidth="" thicknessHeight="" centerQuad="" frameBottom=""/>
            </mesh>
            <color r="1" g="1" b="1" a="1"/>
            <pipeline id="2d_quad"/>
        </visual>
        <physics world="">
            <body type="" linearDamping="0" angularDamping="0" fixedRotation="false"/>
            <fixtureList>
                <fixture shape="" radius="0" chainLoop="false" friction="0.2" density="0.2" restitution="0.2">
                    <!-- vert list for polygon shapes - max of 8
                    Box2D polygons are defined using Counter Clockwise Winding (CCW)
                    <vert x="" y=""/> -->
                    <sizeMod top="0" bottom="0" left="0" right="0"/>
                </fixture>
            </fixtureList>
        </physics>
        <size width="0" height="0"/>
    </default>
    <!-- DEFAULT DEFAULT DEFAULT DEFAULT DEFAULT DEFAULT DEFAULT DEFAULT -->

    <objectList>

        <!--<object name="scaled_frame">
            <visual>
                <texture file="data/textures/menu/menu_bg.png"/>
                <mesh genType="scaled_frame">
                    <scaledFrame thicknessWidth="30" thicknessHeight="30"/>
                </mesh>
                <color r="48" g="97" b="153" a="217"/>
            </visual>
            <size width="500" height="500"/>
        </object>

        <object name="scaled_frame2">
            <visual>
                <texture file="data/textures/menu/menu_spriteSheet.png"/>
                <mesh genType="scaled_frame">
                    <spriteSheet file="data/objects/2d/mesh/menu/menu.xml">
                        <glyph id="menu_bg"/>
                    </spriteSheet>
                    <scaledFrame thicknessWidth="30" thicknessHeight="30"/>
                </mesh>
                <color r="48" g="97" b="153" a="217"/>
            </visual>
            <size width="500" height="500"/>
        </object>

        <object name="logo">
            <visual>
                <pipeline id="2d_quad"/>
                <texture file="data/textures/startup/logo.png"/>
            </visual>
        </object>-->

        <object name="waffles">
            <visual>
                <texture file="data/textures/startup/waffles.png"/>
            </visual>
        </object>

        <!--<object name="background">
            <visual>
                <texture file="data/textures/titleScreen/title_background.png"/>
            </visual>
        </object>

        <object name="circle_green">
            <visual>
                <texture file="data/textures/run/circle_green.png"/>
            </visual>
        </object>

        <object name="square_red">
            <visual>
                <texture file="data/textures/run/square_red.png"/>
            </visual>
        </object>

        <object name="triangle_blue">
            <visual>
                <texture file="data/textures/run/triangle_blue.png"/>
            </visual>
        </object>

        <object name="peg">
            <visual>
                <texture file="data/textures/run/peg.png"/>
            </visual>
        </object>

        <object name="solid">
            <visual>
                <pipeline id="2d_solid_stencil"/>
                <color r="1" g="1" b="1" a="1"/>
            </visual>
            <size width="500" height="200"/>
        </object>

        <object name="spriteSheetTest4">
            <visual>
                <texture file="data/textures/spriteSheet/cat.png" compressed="true"/>
                <mesh genType="sprite_sheet">
                    <spriteSheet defIndex="9" glyphCount="22" columns="4"/>
                </mesh>
                <pipeline id="2d_spriteSheet"/>
            </visual>
        </object>

        <object name="test_font">
            <visual>
                <mesh genType="font"/>
            </visual>
        </object>-->

    </objectList>

</objectDataList2D>

